2022-12-13 12:41:43,806-DEBUG:Detected pitches: ['R', 'R', 'R', 'R', 'R', 'R', 'C♯2', 'R', 'D2', 'C♯2', 'R', 'R', 'R', 'R', 'R', 'R', 'R', 'R', 'R', 'R', 'R', 'C♯5', 'R', 'R', 'R', 'R', 'R', 'R', 'R', 'R', 'R', 'R', 'R', 'R', 'R', 'R']
2022-12-13 12:41:43,808-DEBUG:Durations: [1.0, 0.5, 0.25, 0.25, 0.25, 0.25, 0.5, 1.0, 1.0, 0.25, 0.25, 0.5, 1.0, 1.0, 1.0]
2022-12-13 12:45:17,402-INFO:Start recording...
2022-12-13 12:45:27,309-INFO:End the recording after 9.906588 seconds
2022-12-13 12:45:27,309-DEBUG:Recorded beats: [1.0232648849487305, 1.4070830345153809, 1.7645478248596191, 2.1445541381835938, 2.5255649089813232, 2.931424140930176, 3.2586581707000732, 3.9868357181549072, 4.309323787689209, 4.672416687011719, 5.0308005809783936, 5.384225130081177, 5.740372657775879, 6.103524923324585, 6.437886714935303, 6.792701721191406, 7.144747257232666, 7.471796751022339, 7.828702449798584, 8.170972108840942, 8.499200582504272, 8.806065797805786, 9.114975690841675]
2022-12-13 12:45:27,312-DEBUG:Recorded events: [('start', 0.8313558101654053), ('end', 9.906588077545166)]
2022-12-13 12:45:27,312-DEBUG:Get a piece between 0.831356 and 9.906588
2022-12-13 12:45:27,317-DEBUG:Length of the Final Piece: 400218
2022-12-13 12:45:27,330-INFO:Start creating the music notation
2022-12-13 12:45:27,926-DEBUG:Length of beat intervals 22
2022-12-13 12:45:27,927-DEBUG:Length of pitches 25
2022-12-13 12:45:27,927-DEBUG:Detected pitches: ['D♯3', 'D3', 'C♯4', 'C♯3', 'C♯3', 'C♯3', 'C♯3', 'R', 'C3', 'C♯3', 'C♯3', 'C♯3', 'R', 'D3', 'F5', 'E3', 'R', 'R', 'F3', 'R', 'C3', 'G3', 'R', 'D4', 'R']
2022-12-13 12:45:27,928-DEBUG:Durations: [0.25, 0.25, 0.25, 0.25, 0.75, 0.25, 0.25, 0.75, 0.25, 0.25, 0.25, 0.25, 0.5, 0.25, 0.25, 0.25, 0.25, 0.25, 0.25, 0.25]
2022-12-13 12:54:27,908-INFO:Start recording...
2022-12-13 12:54:30,353-INFO:Pause the recording after 2.444561 seconds
2022-12-13 12:54:32,751-INFO:Resume the recording after 4.843029 seconds
2022-12-13 12:54:35,048-INFO:Pause the recording after 7.139915 seconds
2022-12-13 12:54:36,848-INFO:Resume the recording after 8.939987 seconds
2022-12-13 12:54:38,617-INFO:End the recording after 10.708745 seconds
2022-12-13 12:54:38,618-DEBUG:Recorded beats: [0.8474535942077637, 1.1873905658721924, 1.4182162284851074, 1.5851163864135742, 1.754406213760376, 1.885359764099121, 2.8702454566955566, 3.0524721145629883, 3.223397731781006, 3.394601345062256, 3.5471534729003906, 5.180454730987549, 5.376637935638428, 5.539183855056763, 5.714287281036377, 5.870275259017944]
2022-12-13 12:54:38,621-DEBUG:Recorded events: [('start', 0.6774851083755493), ('pause', 2.4445607662200928), ('resume', 4.843028545379639), ('pause', 7.139915466308594), ('resume', 8.939986944198608), ('end', 10.708744764328003)]
2022-12-13 12:54:38,622-DEBUG:Get a piece between 0.677485 and 2.444561
2022-12-13 12:54:38,622-DEBUG:Get a piece between 4.843029 and 7.139915
2022-12-13 12:54:38,622-DEBUG:Get a piece between 8.939987 and 10.708745
2022-12-13 12:54:38,625-DEBUG:Length of the Final Piece: 257223
2022-12-13 12:54:38,634-INFO:Start creating the music notation
2022-12-13 12:54:39,029-DEBUG:Length of beat intervals 15
2022-12-13 12:54:39,029-DEBUG:Length of pitches 18
2022-12-13 12:54:39,029-DEBUG:Detected pitches: ['R', 'R', 'R', 'R', 'R', 'R', 'R', 'D5', 'D5', 'R', 'R', 'R', 'R', 'R', 'C♯2', 'D2', 'R', 'R']
2022-12-13 12:54:39,030-DEBUG:Durations: [1.0, 0.75, 0.25, 0.25, 0.75, 0.5, 0.25, 0.25, 0.5]
2022-12-13 12:55:07,408-INFO:Quit the entire program
